<?xml version="1.0" encoding="UTF-8" standalone="no"?>
<testsuite failures="1" name="cucumber.runtime.formatter.JUnitFormatter" skipped="0" tests="1" time="0">
    <testcase classname="Wales user Journey test" name="Verify that a user can check if there are eligible for treatment or not" time="0">
        <failure message="The scenario has pending or undefined step(s)">
            <![CDATA[Given I am a person from Wales..............................................undefined
When I input my circumstances into the checker tool.........................undefined
Then I should get a result of whether I will get help or not................undefined
]]>
        </failure>
    </testcase>
</testsuite>
